android/app/build/intermediates/manifest_merge_blame_file/debug/processDebugMainManifest/manifest-merger-blame-debug-report.txt
1<?xml version="1.0" encoding="utf-8"?>
2<manifest xmlns:android="http://schemas.android.com/apk/res/android"
3    package="com.videorelay.app"
4    android:versionCode="1"
5    android:versionName="1.0.0" >
6
7    <uses-sdk
8        android:minSdkVersion="26"
9        android:targetSdkVersion="35" />
10
11    <uses-permission android:name="android.permission.INTERNET" />
11-->src/main/AndroidManifest.xml:4:5-67
11-->src/main/AndroidManifest.xml:4:22-64
12    <uses-permission android:name="android.permission.FOREGROUND_SERVICE" />
12-->src/main/AndroidManifest.xml:5:5-77
12-->src/main/AndroidManifest.xml:5:22-74
13    <uses-permission android:name="android.permission.FOREGROUND_SERVICE_DATA_SYNC" />
13-->src/main/AndroidManifest.xml:6:5-87
13-->src/main/AndroidManifest.xml:6:22-84
14    <uses-permission android:name="android.permission.POST_NOTIFICATIONS" />
14-->src/main/AndroidManifest.xml:7:5-77
14-->src/main/AndroidManifest.xml:7:22-74
15    <uses-permission android:name="android.permission.READ_MEDIA_VIDEO" />
15-->src/main/AndroidManifest.xml:8:5-75
15-->src/main/AndroidManifest.xml:8:22-72
16    <uses-permission android:name="android.permission.ACCESS_NETWORK_STATE" />
16-->[androidx.media3:media3-common:1.5.1] AndroidManifest.xml:22:5-79
16-->[androidx.media3:media3-common:1.5.1] AndroidManifest.xml:22:22-76
17
18    <permission
18-->[androidx.core:core:1.15.0] AndroidManifest.xml:22:5-24:47
19        android:name="com.videorelay.app.DYNAMIC_RECEIVER_NOT_EXPORTED_PERMISSION"
19-->[androidx.core:core:1.15.0] AndroidManifest.xml:23:9-81
20        android:protectionLevel="signature" />
20-->[androidx.core:core:1.15.0] AndroidManifest.xml:24:9-44
21
22    <uses-permission android:name="com.videorelay.app.DYNAMIC_RECEIVER_NOT_EXPORTED_PERMISSION" />
22-->[androidx.core:core:1.15.0] AndroidManifest.xml:26:5-97
22-->[androidx.core:core:1.15.0] AndroidManifest.xml:26:22-94
23
24    <application
24-->src/main/AndroidManifest.xml:10:5-45:19
25        android:name="com.videorelay.app.VideoRelayApp"
25-->src/main/AndroidManifest.xml:11:9-38
26        android:allowBackup="true"
26-->src/main/AndroidManifest.xml:12:9-35
27        android:appComponentFactory="androidx.core.app.CoreComponentFactory"
27-->[androidx.core:core:1.15.0] AndroidManifest.xml:28:18-86
28        android:debuggable="true"
29        android:extractNativeLibs="false"
30        android:icon="@mipmap/ic_launcher"
30-->src/main/AndroidManifest.xml:13:9-43
31        android:label="VideoRelay"
31-->src/main/AndroidManifest.xml:14:9-35
32        android:supportsRtl="true"
32-->src/main/AndroidManifest.xml:15:9-35
33        android:theme="@style/Theme.VideoRelay"
33-->src/main/AndroidManifest.xml:16:9-48
34        android:usesCleartextTraffic="false" >
34-->src/main/AndroidManifest.xml:17:9-45
35        <activity
35-->src/main/AndroidManifest.xml:19:9-37:20
36            android:name="com.videorelay.app.MainActivity"
36-->src/main/AndroidManifest.xml:20:13-41
37            android:configChanges="screenSize|smallestScreenSize|screenLayout|orientation"
37-->src/main/AndroidManifest.xml:23:13-91
38            android:exported="true"
38-->src/main/AndroidManifest.xml:21:13-36
39            android:supportsPictureInPicture="true"
39-->src/main/AndroidManifest.xml:22:13-52
40            android:theme="@style/Theme.VideoRelay" >
40-->src/main/AndroidManifest.xml:24:13-52
41            <intent-filter>
41-->src/main/AndroidManifest.xml:25:13-28:29
42                <action android:name="android.intent.action.MAIN" />
42-->src/main/AndroidManifest.xml:26:17-69
42-->src/main/AndroidManifest.xml:26:25-66
43
44                <category android:name="android.intent.category.LAUNCHER" />
44-->src/main/AndroidManifest.xml:27:17-77
44-->src/main/AndroidManifest.xml:27:27-74
45            </intent-filter>
46
47            <!-- Deep links -->
48            <intent-filter android:autoVerify="true" >
48-->src/main/AndroidManifest.xml:31:13-36:29
48-->src/main/AndroidManifest.xml:31:28-53
49                <action android:name="android.intent.action.VIEW" />
49-->src/main/AndroidManifest.xml:32:17-69
49-->src/main/AndroidManifest.xml:32:25-66
50
51                <category android:name="android.intent.category.DEFAULT" />
51-->src/main/AndroidManifest.xml:33:17-76
51-->src/main/AndroidManifest.xml:33:27-73
52                <category android:name="android.intent.category.BROWSABLE" />
52-->src/main/AndroidManifest.xml:34:17-78
52-->src/main/AndroidManifest.xml:34:27-75
53
54                <data
54-->src/main/AndroidManifest.xml:35:17-78
55                    android:host="videorelay.lol"
55-->src/main/AndroidManifest.xml:35:46-75
56                    android:scheme="https" />
56-->src/main/AndroidManifest.xml:35:23-45
57            </intent-filter>
58        </activity>
59
60        <!-- Download service -->
61        <service
61-->src/main/AndroidManifest.xml:40:9-43:40
62            android:name="com.videorelay.app.service.DownloadService"
62-->src/main/AndroidManifest.xml:41:13-52
63            android:exported="false"
63-->src/main/AndroidManifest.xml:43:13-37
64            android:foregroundServiceType="dataSync" />
64-->src/main/AndroidManifest.xml:42:13-53
65        <service
65-->[androidx.room:room-runtime:2.6.1] AndroidManifest.xml:24:9-28:63
66            android:name="androidx.room.MultiInstanceInvalidationService"
66-->[androidx.room:room-runtime:2.6.1] AndroidManifest.xml:25:13-74
67            android:directBootAware="true"
67-->[androidx.room:room-runtime:2.6.1] AndroidManifest.xml:26:13-43
68            android:exported="false" />
68-->[androidx.room:room-runtime:2.6.1] AndroidManifest.xml:27:13-37
69
70        <activity
70-->[androidx.compose.ui:ui-tooling-android:1.7.6] AndroidManifest.xml:23:9-25:39
71            android:name="androidx.compose.ui.tooling.PreviewActivity"
71-->[androidx.compose.ui:ui-tooling-android:1.7.6] AndroidManifest.xml:24:13-71
72            android:exported="true" />
72-->[androidx.compose.ui:ui-tooling-android:1.7.6] AndroidManifest.xml:25:13-36
73
74        <provider
74-->[androidx.emoji2:emoji2:1.3.0] AndroidManifest.xml:24:9-32:20
75            android:name="androidx.startup.InitializationProvider"
75-->[androidx.emoji2:emoji2:1.3.0] AndroidManifest.xml:25:13-67
76            android:authorities="com.videorelay.app.androidx-startup"
76-->[androidx.emoji2:emoji2:1.3.0] AndroidManifest.xml:26:13-68
77            android:exported="false" >
77-->[androidx.emoji2:emoji2:1.3.0] AndroidManifest.xml:27:13-37
78            <meta-data
78-->[androidx.emoji2:emoji2:1.3.0] AndroidManifest.xml:29:13-31:52
79                android:name="androidx.emoji2.text.EmojiCompatInitializer"
79-->[androidx.emoji2:emoji2:1.3.0] AndroidManifest.xml:30:17-75
80                android:value="androidx.startup" />
80-->[androidx.emoji2:emoji2:1.3.0] AndroidManifest.xml:31:17-49
81            <meta-data
81-->[androidx.lifecycle:lifecycle-process:2.8.7] AndroidManifest.xml:29:13-31:52
82                android:name="androidx.lifecycle.ProcessLifecycleInitializer"
82-->[androidx.lifecycle:lifecycle-process:2.8.7] AndroidManifest.xml:30:17-78
83                android:value="androidx.startup" />
83-->[androidx.lifecycle:lifecycle-process:2.8.7] AndroidManifest.xml:31:17-49
84            <meta-data
84-->[androidx.profileinstaller:profileinstaller:1.3.1] AndroidManifest.xml:29:13-31:52
85                android:name="androidx.profileinstaller.ProfileInstallerInitializer"
85-->[androidx.profileinstaller:profileinstaller:1.3.1] AndroidManifest.xml:30:17-85
86                android:value="androidx.startup" />
86-->[androidx.profileinstaller:profileinstaller:1.3.1] AndroidManifest.xml:31:17-49
87        </provider>
88
89        <receiver
89-->[androidx.profileinstaller:profileinstaller:1.3.1] AndroidManifest.xml:34:9-52:20
90            android:name="androidx.profileinstaller.ProfileInstallReceiver"
90-->[androidx.profileinstaller:profileinstaller:1.3.1] AndroidManifest.xml:35:13-76
91            android:directBootAware="false"
91-->[androidx.profileinstaller:profileinstaller:1.3.1] AndroidManifest.xml:36:13-44
92            android:enabled="true"
92-->[androidx.profileinstaller:profileinstaller:1.3.1] AndroidManifest.xml:37:13-35
93            android:exported="true"
93-->[androidx.profileinstaller:profileinstaller:1.3.1] AndroidManifest.xml:38:13-36
94            android:permission="android.permission.DUMP" >
94-->[androidx.profileinstaller:profileinstaller:1.3.1] AndroidManifest.xml:39:13-57
95            <intent-filter>
95-->[androidx.profileinstaller:profileinstaller:1.3.1] AndroidManifest.xml:40:13-42:29
96                <action android:name="androidx.profileinstaller.action.INSTALL_PROFILE" />
96-->[androidx.profileinstaller:profileinstaller:1.3.1] AndroidManifest.xml:41:17-91
96-->[androidx.profileinstaller:profileinstaller:1.3.1] AndroidManifest.xml:41:25-88
97            </intent-filter>
98            <intent-filter>
98-->[androidx.profileinstaller:profileinstaller:1.3.1] AndroidManifest.xml:43:13-45:29
99                <action android:name="androidx.profileinstaller.action.SKIP_FILE" />
99-->[androidx.profileinstaller:profileinstaller:1.3.1] AndroidManifest.xml:44:17-85
99-->[androidx.profileinstaller:profileinstaller:1.3.1] AndroidManifest.xml:44:25-82
100            </intent-filter>
101            <intent-filter>
101-->[androidx.profileinstaller:profileinstaller:1.3.1] AndroidManifest.xml:46:13-48:29
102                <action android:name="androidx.profileinstaller.action.SAVE_PROFILE" />
102-->[androidx.profileinstaller:profileinstaller:1.3.1] AndroidManifest.xml:47:17-88
102-->[androidx.profileinstaller:profileinstaller:1.3.1] AndroidManifest.xml:47:25-85
103            </intent-filter>
104            <intent-filter>
104-->[androidx.profileinstaller:profileinstaller:1.3.1] AndroidManifest.xml:49:13-51:29
105                <action android:name="androidx.profileinstaller.action.BENCHMARK_OPERATION" />
105-->[androidx.profileinstaller:profileinstaller:1.3.1] AndroidManifest.xml:50:17-95
105-->[androidx.profileinstaller:profileinstaller:1.3.1] AndroidManifest.xml:50:25-92
106            </intent-filter>
107        </receiver>
108    </application>
109
110</manifest>